<?xml version="1.0" encoding="UTF-8"?>
<testsuite name="springbootzzy.springbootzzy.AppTest" time="0.001" tests="1" errors="0" skipped="0" failures="0">
  <properties>
    <property name="java.runtime.name" value="Java(TM) SE Runtime Environment"/>
    <property name="sun.boot.library.path" value="C:\zhongzeyu\zhongzeyuproc\jdk\jre\bin"/>
    <property name="java.vm.version" value="25.91-b15"/>
    <property name="java.vm.vendor" value="Oracle Corporation"/>
    <property name="maven.multiModuleProjectDirectory" value="C:\zhongzeyu\zhongzeyuwork\springboot\springbootzzy"/>
    <property name="java.vendor.url" value="http://java.oracle.com/"/>
    <property name="path.separator" value=";"/>
    <property name="guice.disable.misplaced.annotation.check" value="true"/>
    <property name="java.vm.name" value="Java HotSpot(TM) 64-Bit Server VM"/>
    <property name="file.encoding.pkg" value="sun.io"/>
    <property name="user.script" value=""/>
    <property name="user.country" value="US"/>
    <property name="sun.java.launcher" value="SUN_STANDARD"/>
    <property name="sun.os.patch.level" value="Service Pack 1"/>
    <property name="java.vm.specification.name" value="Java Virtual Machine Specification"/>
    <property name="user.dir" value="C:\zhongzeyu\zhongzeyuwork\springboot\springbootzzy"/>
    <property name="java.runtime.version" value="1.8.0_91-b15"/>
    <property name="java.awt.graphicsenv" value="sun.awt.Win32GraphicsEnvironment"/>
    <property name="java.endorsed.dirs" value="C:\zhongzeyu\zhongzeyuproc\jdk\jre\lib\endorsed"/>
    <property name="os.arch" value="amd64"/>
    <property name="java.io.tmpdir" value="C:\Users\LINUS~1.KUZ\AppData\Local\Temp\"/>
    <property name="line.separator" value="&#10;"/>
    <property name="java.vm.specification.vendor" value="Oracle Corporation"/>
    <property name="user.variant" value=""/>
    <property name="os.name" value="Windows 7"/>
    <property name="classworlds.conf" value="C:\zhongzeyu\zhongzeyuwork\springboot\.metadata\.plugins\org.eclipse.m2e.launching\launches\m2conf6384591760735254837.tmp"/>
    <property name="sun.jnu.encoding" value="Cp1252"/>
    <property name="java.library.path" value="C:\zhongzeyu\zhongzeyuproc\jdk\bin;C:\Windows\Sun\Java\bin;C:\Windows\system32;C:\Windows;C:/zhongzeyu/zhongzeyuproc/jdk/bin/../jre/bin/server;C:/zhongzeyu/zhongzeyuproc/jdk/bin/../jre/bin;C:/zhongzeyu/zhongzeyuproc/jdk/bin/../jre/lib/amd64;C:\Program Files\Trend Micro\AMSP\;C:\ProgramData\Oracle\Java\javapath;C:\Program Files (x86)\ATI Stream\bin\x86_64;C:\Program Files (x86)\ATI Stream\bin\x86;C:\Windows\system32;C:\Windows;C:\Windows\System32\Wbem;C:\Windows\System32\WindowsPowerShell\v1.0\;C:\Program Files (x86)\ATI Technologies\ATI.ACE\Core-Static;C:\zhongzeyu\zhongzeyuproc\jdk\bin;c:\Program Files (x86)\Microsoft SQL Server\90\Tools\binn\;C:\zhongzeyu\zhongzeyuproc\php5;C:\zhongzeyu\zhongzeyuproc\php5\ext;C:\zhongzeyu\zhongzeyuproc\AppData\Local\Android\sdk\platform-tools;C:\zhongzeyu\zhongzeyuproc\maven\bin;C:\zhongzeyu\zhongzeyuproc\Git\cmd;C:\zhongzeyu\zhongzeyuproc\AppData\Local\Android\sdk\tools;C:\AutoIt\;C:\zhongzeyu\zhongzeyuproc\nodejs\;C:\zhongzeyuproc\Redis\;C:\zhongzeyu\zhongzeyuproc\grails\bin;C:\Users\Linus.KUZCO\AppData\Roaming\npm;C:\zhongzeyu\zhongzeyuproc\eclipse;;."/>
    <property name="java.specification.name" value="Java Platform API Specification"/>
    <property name="java.class.version" value="52.0"/>
    <property name="sun.management.compiler" value="HotSpot 64-Bit Tiered Compilers"/>
    <property name="os.version" value="6.1"/>
    <property name="user.home" value="C:\Users\Linus.KUZCO"/>
    <property name="user.timezone" value="America/Los_Angeles"/>
    <property name="java.awt.printerjob" value="sun.awt.windows.WPrinterJob"/>
    <property name="java.specification.version" value="1.8"/>
    <property name="file.encoding" value="Cp1252"/>
    <property name="user.name" value="linus"/>
    <property name="java.class.path" value="/C:/zhongzeyu/zhongzeyuproc/eclipse/plugins/org.eclipse.m2e.maven.runtime_1.7.0.20160603-1931/jars/plexus-classworlds-2.5.2.jar"/>
    <property name="java.vm.specification.version" value="1.8"/>
    <property name="sun.arch.data.model" value="64"/>
    <property name="java.home" value="C:\zhongzeyu\zhongzeyuproc\jdk\jre"/>
    <property name="sun.java.command" value="org.codehaus.plexus.classworlds.launcher.Launcher -B install"/>
    <property name="java.specification.vendor" value="Oracle Corporation"/>
    <property name="user.language" value="en"/>
    <property name="awt.toolkit" value="sun.awt.windows.WToolkit"/>
    <property name="java.vm.info" value="mixed mode"/>
    <property name="java.version" value="1.8.0_91"/>
    <property name="java.ext.dirs" value="C:\zhongzeyu\zhongzeyuproc\jdk\jre\lib\ext;C:\Windows\Sun\Java\lib\ext"/>
    <property name="sun.boot.class.path" value="C:\zhongzeyu\zhongzeyuproc\jdk\jre\lib\resources.jar;C:\zhongzeyu\zhongzeyuproc\jdk\jre\lib\rt.jar;C:\zhongzeyu\zhongzeyuproc\jdk\jre\lib\sunrsasign.jar;C:\zhongzeyu\zhongzeyuproc\jdk\jre\lib\jsse.jar;C:\zhongzeyu\zhongzeyuproc\jdk\jre\lib\jce.jar;C:\zhongzeyu\zhongzeyuproc\jdk\jre\lib\charsets.jar;C:\zhongzeyu\zhongzeyuproc\jdk\jre\lib\jfr.jar;C:\zhongzeyu\zhongzeyuproc\jdk\jre\classes"/>
    <property name="java.vendor" value="Oracle Corporation"/>
    <property name="maven.home" value="C:\zhongzeyu\zhongzeyuwork\springboot\springbootzzy\EMBEDDED"/>
    <property name="file.separator" value="\"/>
    <property name="java.vendor.url.bug" value="http://bugreport.sun.com/bugreport/"/>
    <property name="sun.cpu.endian" value="little"/>
    <property name="sun.io.unicode.encoding" value="UnicodeLittle"/>
    <property name="sun.desktop" value="windows"/>
    <property name="sun.cpu.isalist" value="amd64"/>
  </properties>
  <testcase name="testApp" classname="springbootzzy.springbootzzy.AppTest" time="0.001"/>
</testsuite>